\BOOKMARK [0][-]{chapter.1}{Introduction}{}% 1
\BOOKMARK [1][-]{section.1.1}{Outline}{chapter.1}% 2
\BOOKMARK [1][-]{section.1.2}{Prerequisites and Notation}{chapter.1}% 3
\BOOKMARK [1][-]{section.1.3}{Acknowledgements}{chapter.1}% 4
\BOOKMARK [1][-]{section.1.4}{Motivation and Problem Statement}{chapter.1}% 5
\BOOKMARK [0][-]{chapter.2}{Topos Theory Done Quick}{}% 6
\BOOKMARK [1][-]{section.2.1}{Basic Definitions}{chapter.2}% 7
\BOOKMARK [1][-]{section.2.2}{The Morphisms Between Toposes}{chapter.2}% 8
\BOOKMARK [1][-]{section.2.3}{Tensor Products}{chapter.2}% 9
\BOOKMARK [1][-]{section.2.4}{Etale Spaces are Sheaves}{chapter.2}% 10
\BOOKMARK [0][-]{chapter.3}{The Fundamental Group}{}% 11
\BOOKMARK [1][-]{section.3.1}{Galois Categories}{chapter.3}% 12
\BOOKMARK [1][-]{section.3.2}{The Fundamental Group of a Topos}{chapter.3}% 13
\BOOKMARK [1][-]{section.3.3}{Worked Example: The Topos of Graphs}{chapter.3}% 14
\BOOKMARK [0][-]{chapter.4}{Simplicial Sets}{}% 15
\BOOKMARK [1][-]{section.4.1}{Basic Definitions}{chapter.4}% 16
\BOOKMARK [1][-]{section.4.2}{Geometric Realization}{chapter.4}% 17
\BOOKMARK [1][-]{section.4.3}{The Nerve of a Category}{chapter.4}% 18
\BOOKMARK [1][-]{section.4.4}{Star Neighborhoods}{chapter.4}% 19
\BOOKMARK [0][-]{chapter.5}{Construction of the McCord Functor}{}% 20
\BOOKMARK [1][-]{section.5.1}{What It Does on Objects}{chapter.5}% 21
\BOOKMARK [1][-]{section.5.2}{What it Does on Morphisms}{chapter.5}% 22
\BOOKMARK [1][-]{section.5.3}{Flatness Conditions}{chapter.5}% 23
\BOOKMARK [0][-]{chapter.6}{The Equivalence}{}% 24
\BOOKMARK [1][-]{section.6.1}{Preparation}{chapter.6}% 25
\BOOKMARK [1][-]{section.6.2}{The Unit and Counit are Natural Isomorphisms}{chapter.6}% 26
\BOOKMARK [0][-]{chapter.7}{Outlook and Open Problems}{}% 27
